-------------------------------------------------------------------------------
Test set: JUnit5ExampleTest
-------------------------------------------------------------------------------
Tests run: 1, Failures: 0, Errors: 1, Skipped: 0, Time elapsed: 0.175 s <<< FAILURE! - in JUnit5ExampleTest
JUnit5ExampleTest  Time elapsed: 0.174 s  <<< ERROR!
java.lang.IllegalStateException: Unable to find a @SpringBootConfiguration, you need to use @ContextConfiguration or @SpringBootTest(classes=...) with your test

