<?xml version="1.0" encoding="UTF-8"?>
<testsuite xmlns:xsi="http://www.w3.org/2001/XMLSchema-instance" xsi:noNamespaceSchemaLocation="https://maven.apache.org/surefire/maven-surefire-plugin/xsd/surefire-test-report.xsd" name="JUnit5ExampleTest" time="0.175" tests="1" errors="1" skipped="0" failures="0">
  <properties>
[...]
</properties>
  <testcase name="JUnit5ExampleTest" classname="JUnit5ExampleTest" time="0.174">
    <error message="Unable to find a @SpringBootConfiguration, you need to use @ContextConfiguration or @SpringBootTest(classes=...) with your test" type="java.lang.IllegalStateException">java.lang.IllegalStateException: Unable to find a @SpringBootConfiguration, you need to use @ContextConfiguration or @SpringBootTest(classes=...) with your test
</error>
    <system-out><![CDATA[15:53:28.323 [main] DEBUG org.springframework.test.context.BootstrapUtils - Instantiating CacheAwareContextLoaderDelegate from class [org.springframework.test.context.cache.DefaultCacheAwareContextLoaderDelegate]
15:53:28.331 [main] DEBUG org.springframework.test.context.BootstrapUtils - Instantiating BootstrapContext using constructor [public org.springframework.test.context.support.DefaultBootstrapContext(java.lang.Class,org.springframework.test.context.CacheAwareContextLoaderDelegate)]
15:53:28.361 [main] DEBUG org.springframework.test.context.BootstrapUtils - Instantiating TestContextBootstrapper for test class [JUnit5ExampleTest] from class [org.springframework.boot.test.context.SpringBootTestContextBootstrapper]
15:53:28.373 [main] INFO org.springframework.boot.test.context.SpringBootTestContextBootstrapper - Neither @ContextConfiguration nor @ContextHierarchy found for test class [JUnit5ExampleTest], using SpringBootContextLoader
15:53:28.375 [main] DEBUG org.springframework.test.context.support.AbstractContextLoader - Did not detect default resource location for test class [JUnit5ExampleTest]: class path resource [JUnit5ExampleTest-context.xml] does not exist
15:53:28.376 [main] DEBUG org.springframework.test.context.support.AbstractContextLoader - Did not detect default resource location for test class [JUnit5ExampleTest]: class path resource [JUnit5ExampleTestContext.groovy] does not exist
15:53:28.376 [main] INFO org.springframework.test.context.support.AbstractContextLoader - Could not detect default resource locations for test class [JUnit5ExampleTest]: no resource found for suffixes {-context.xml, Context.groovy}.
15:53:28.376 [main] INFO org.springframework.test.context.support.AnnotationConfigContextLoaderUtils - Could not detect default configuration classes for test class [JUnit5ExampleTest]: JUnit5ExampleTest does not declare any static, non-private, non-final, nested classes annotated with @Configuration.
15:53:28.402 [main] DEBUG org.springframework.test.context.support.ActiveProfilesUtils - Could not find an 'annotation declaring class' for annotation type [org.springframework.test.context.ActiveProfiles] and class [JUnit5ExampleTest]
15:53:28.413 [main] DEBUG org.springframework.test.context.BootstrapUtils - Instantiating CacheAwareContextLoaderDelegate from class [org.springframework.test.context.cache.DefaultCacheAwareContextLoaderDelegate]
15:53:28.413 [main] DEBUG org.springframework.test.context.BootstrapUtils - Instantiating BootstrapContext using constructor [public org.springframework.test.context.support.DefaultBootstrapContext(java.lang.Class,org.springframework.test.context.CacheAwareContextLoaderDelegate)]
15:53:28.413 [main] DEBUG org.springframework.test.context.BootstrapUtils - Instantiating TestContextBootstrapper for test class [JUnit5ExampleTest] from class [org.springframework.boot.test.context.SpringBootTestContextBootstrapper]
15:53:28.414 [main] INFO org.springframework.boot.test.context.SpringBootTestContextBootstrapper - Neither @ContextConfiguration nor @ContextHierarchy found for test class [JUnit5ExampleTest], using SpringBootContextLoader
15:53:28.414 [main] DEBUG org.springframework.test.context.support.AbstractContextLoader - Did not detect default resource location for test class [JUnit5ExampleTest]: class path resource [JUnit5ExampleTest-context.xml] does not exist
15:53:28.414 [main] DEBUG org.springframework.test.context.support.AbstractContextLoader - Did not detect default resource location for test class [JUnit5ExampleTest]: class path resource [JUnit5ExampleTestContext.groovy] does not exist
15:53:28.414 [main] INFO org.springframework.test.context.support.AbstractContextLoader - Could not detect default resource locations for test class [JUnit5ExampleTest]: no resource found for suffixes {-context.xml, Context.groovy}.
15:53:28.414 [main] INFO org.springframework.test.context.support.AnnotationConfigContextLoaderUtils - Could not detect default configuration classes for test class [JUnit5ExampleTest]: JUnit5ExampleTest does not declare any static, non-private, non-final, nested classes annotated with @Configuration.
15:53:28.416 [main] DEBUG org.springframework.test.context.support.ActiveProfilesUtils - Could not find an 'annotation declaring class' for annotation type [org.springframework.test.context.ActiveProfiles] and class [JUnit5ExampleTest]
15:53:28.416 [main] DEBUG org.springframework.test.context.BootstrapUtils - Instantiating CacheAwareContextLoaderDelegate from class [org.springframework.test.context.cache.DefaultCacheAwareContextLoaderDelegate]
15:53:28.416 [main] DEBUG org.springframework.test.context.BootstrapUtils - Instantiating BootstrapContext using constructor [public org.springframework.test.context.support.DefaultBootstrapContext(java.lang.Class,org.springframework.test.context.CacheAwareContextLoaderDelegate)]
15:53:28.416 [main] DEBUG org.springframework.test.context.BootstrapUtils - Instantiating TestContextBootstrapper for test class [JUnit5ExampleTest] from class [org.springframework.boot.test.context.SpringBootTestContextBootstrapper]
15:53:28.416 [main] INFO org.springframework.boot.test.context.SpringBootTestContextBootstrapper - Neither @ContextConfiguration nor @ContextHierarchy found for test class [JUnit5ExampleTest], using SpringBootContextLoader
15:53:28.417 [main] DEBUG org.springframework.test.context.support.AbstractContextLoader - Did not detect default resource location for test class [JUnit5ExampleTest]: class path resource [JUnit5ExampleTest-context.xml] does not exist
15:53:28.417 [main] DEBUG org.springframework.test.context.support.AbstractContextLoader - Did not detect default resource location for test class [JUnit5ExampleTest]: class path resource [JUnit5ExampleTestContext.groovy] does not exist
15:53:28.417 [main] INFO org.springframework.test.context.support.AbstractContextLoader - Could not detect default resource locations for test class [JUnit5ExampleTest]: no resource found for suffixes {-context.xml, Context.groovy}.
15:53:28.417 [main] INFO org.springframework.test.context.support.AnnotationConfigContextLoaderUtils - Could not detect default configuration classes for test class [JUnit5ExampleTest]: JUnit5ExampleTest does not declare any static, non-private, non-final, nested classes annotated with @Configuration.
15:53:28.418 [main] DEBUG org.springframework.test.context.support.ActiveProfilesUtils - Could not find an 'annotation declaring class' for annotation type [org.springframework.test.context.ActiveProfiles] and class [JUnit5ExampleTest]
]]></system-out>
  </testcase>
</testsuite>